This file contains any messages produced by compilers while
running configure, to aid debugging if configure makes a mistake.

It was created by sparsePOP configure 2.56, which was
generated by GNU Autoconf 2.69.  Invocation command line was

  $ ./configure --with-mumps-includedir=/home/research/jakee/src/MUMPS_4.10.0/include --with-mumps-libdir=/home/research/jakee/src/MUMPS_4.10.0/lib --with-sdpa-includedir=/home/research/jakee/.local/include --with-sdpa-libdir=/home/research/jakee/.local/lib --with-colamd-libdir=/home/research/jakee/src/SuiteSparse/COLAMD/Lib --with-colamd-includedir=/home/research/jakee/src/SuiteSparse/COLAMD/Include --with-metis-libdir=/home/research/jakee/.local/lib --with-metis-includedir=/home/research/jakee/.local/include --with-blas=-L/home/research/jakee/.local/lib -lopenblas --with-lapack=-L/home/research/jakee/.local/lib -lopenblas

## --------- ##
## Platform. ##
## --------- ##

hostname = node22.engr.wustl.edu
uname -m = x86_64
uname -r = 5.10.166-1.el8.x86_64
uname -s = Linux
uname -v = #1 SMP Thu Feb 2 14:57:44 CST 2023

/usr/bin/uname -p = x86_64
/bin/uname -X     = unknown

/bin/arch              = x86_64
/usr/bin/arch -k       = unknown
/usr/convex/getsysinfo = unknown
/usr/bin/hostinfo      = unknown
/bin/machine           = unknown
/usr/bin/oslevel       = unknown
/bin/universe          = unknown

PATH: /opt/ibm/lsfsuite/lsf/10.1/linux3.10-glibc2.17-x86_64/etc
PATH: /opt/ibm/lsfsuite/lsf/10.1/linux3.10-glibc2.17-x86_64/bin
PATH: /home/research/jakee/miniconda3/bin
PATH: /home/research/jakee/miniconda3/condabin
PATH: /project/compute/bin
PATH: /usr/share/Modules/bin
PATH: /usr/local/bin
PATH: /usr/bin
PATH: /usr/local/sbin
PATH: /usr/sbin
PATH: /home/research/jakee/.local/bin
PATH: /home/research/jakee/bin


## ----------- ##
## Core tests. ##
## ----------- ##

configure:2673: checking for a BSD-compatible install
configure:2741: result: /usr/bin/install -c
configure:2752: checking whether build environment is sane
configure:2807: result: yes
configure:2958: checking for a thread-safe mkdir -p
configure:2997: result: /usr/bin/mkdir -p
configure:3004: checking for gawk
configure:3020: found /usr/bin/gawk
configure:3031: result: gawk
configure:3042: checking whether make sets $(MAKE)
configure:3064: result: yes
configure:3093: checking whether make supports nested variables
configure:3110: result: yes
configure:3296: checking for g++
configure:3312: found /usr/bin/g++
configure:3323: result: g++
configure:3350: checking for C++ compiler version
configure:3359: g++ --version >&5
g++ (GCC) 8.5.0 20210514 (Red Hat 8.5.0-23)
Copyright (C) 2018 Free Software Foundation, Inc.
This is free software; see the source for copying conditions.  There is NO
warranty; not even for MERCHANTABILITY or FITNESS FOR A PARTICULAR PURPOSE.

configure:3370: $? = 0
configure:3359: g++ -v >&5
Using built-in specs.
COLLECT_GCC=g++
COLLECT_LTO_WRAPPER=/usr/libexec/gcc/x86_64-redhat-linux/8/lto-wrapper
OFFLOAD_TARGET_NAMES=nvptx-none
OFFLOAD_TARGET_DEFAULT=1
Target: x86_64-redhat-linux
Configured with: ../configure --enable-bootstrap --enable-languages=c,c++,fortran,lto --prefix=/usr --mandir=/usr/share/man --infodir=/usr/share/info --with-bugurl=https://bugs.rockylinux.org/ --enable-shared --enable-threads=posix --enable-checking=release --enable-multilib --with-system-zlib --enable-__cxa_atexit --disable-libunwind-exceptions --enable-gnu-unique-object --enable-linker-build-id --with-gcc-major-version-only --with-linker-hash-style=gnu --enable-plugin --enable-initfini-array --with-isl --disable-libmpx --enable-offload-targets=nvptx-none --without-cuda-driver --enable-gnu-indirect-function --enable-cet --with-tune=generic --with-arch_32=x86-64 --build=x86_64-redhat-linux
Thread model: posix
gcc version 8.5.0 20210514 (Red Hat 8.5.0-23) (GCC) 
configure:3370: $? = 0
configure:3359: g++ -V >&5
g++: error: unrecognized command line option '-V'
g++: fatal error: no input files
compilation terminated.
configure:3370: $? = 1
configure:3359: g++ -qversion >&5
g++: error: unrecognized command line option '-qversion'; did you mean '--version'?
g++: fatal error: no input files
compilation terminated.
configure:3370: $? = 1
configure:3390: checking whether the C++ compiler works
configure:3412: g++   -I/home/research/jakee/src/SuiteSparse/UFconfig  -I/home/research/jakee/src/SuiteSparse/AMD/Include  -I/home/research/jakee/src/SuiteSparse/COLAMD/Include  -I/home/research/jakee/src/MUMPS_4.10.0/include  -I/home/research/jakee/.local/include  -L/home/research/jakee/src/SuiteSparse/UFconfig  -L/home/research/jakee/src/SuiteSparse/AMD/Lib  -L/home/research/jakee/src/SuiteSparse/COLAMD/Lib  -L/home/research/jakee/src/MUMPS_4.10.0/lib  -L/home/research/jakee/.local/lib conftest.cpp -ldmumps -lmumps_common -lpord -lmpiseq -lsdpa -lopenblas -llapack -lm -lpthread -lgfortran >&5
configure:3416: $? = 0
configure:3464: result: yes
configure:3467: checking for C++ compiler default output file name
configure:3469: result: a.out
configure:3475: checking for suffix of executables
configure:3482: g++ -o conftest   -I/home/research/jakee/src/SuiteSparse/UFconfig  -I/home/research/jakee/src/SuiteSparse/AMD/Include  -I/home/research/jakee/src/SuiteSparse/COLAMD/Include  -I/home/research/jakee/src/MUMPS_4.10.0/include  -I/home/research/jakee/.local/include  -L/home/research/jakee/src/SuiteSparse/UFconfig  -L/home/research/jakee/src/SuiteSparse/AMD/Lib  -L/home/research/jakee/src/SuiteSparse/COLAMD/Lib  -L/home/research/jakee/src/MUMPS_4.10.0/lib  -L/home/research/jakee/.local/lib conftest.cpp -ldmumps -lmumps_common -lpord -lmpiseq -lsdpa -lopenblas -llapack -lm -lpthread -lgfortran >&5
configure:3486: $? = 0
configure:3508: result: 
configure:3530: checking whether we are cross compiling
configure:3538: g++ -o conftest   -I/home/research/jakee/src/SuiteSparse/UFconfig  -I/home/research/jakee/src/SuiteSparse/AMD/Include  -I/home/research/jakee/src/SuiteSparse/COLAMD/Include  -I/home/research/jakee/src/MUMPS_4.10.0/include  -I/home/research/jakee/.local/include  -L/home/research/jakee/src/SuiteSparse/UFconfig  -L/home/research/jakee/src/SuiteSparse/AMD/Lib  -L/home/research/jakee/src/SuiteSparse/COLAMD/Lib  -L/home/research/jakee/src/MUMPS_4.10.0/lib  -L/home/research/jakee/.local/lib conftest.cpp -ldmumps -lmumps_common -lpord -lmpiseq -lsdpa -lopenblas -llapack -lm -lpthread -lgfortran >&5
configure:3542: $? = 0
configure:3549: ./conftest
configure:3553: $? = 0
configure:3568: result: no
configure:3573: checking for suffix of object files
configure:3595: g++ -c   -I/home/research/jakee/src/SuiteSparse/UFconfig  -I/home/research/jakee/src/SuiteSparse/AMD/Include  -I/home/research/jakee/src/SuiteSparse/COLAMD/Include  -I/home/research/jakee/src/MUMPS_4.10.0/include  -I/home/research/jakee/.local/include conftest.cpp >&5
configure:3599: $? = 0
configure:3620: result: o
configure:3624: checking whether we are using the GNU C++ compiler
configure:3643: g++ -c   -I/home/research/jakee/src/SuiteSparse/UFconfig  -I/home/research/jakee/src/SuiteSparse/AMD/Include  -I/home/research/jakee/src/SuiteSparse/COLAMD/Include  -I/home/research/jakee/src/MUMPS_4.10.0/include  -I/home/research/jakee/.local/include conftest.cpp >&5
configure:3643: $? = 0
configure:3652: result: yes
configure:3661: checking whether g++ accepts -g
configure:3681: g++ -c -g  -I/home/research/jakee/src/SuiteSparse/UFconfig  -I/home/research/jakee/src/SuiteSparse/AMD/Include  -I/home/research/jakee/src/SuiteSparse/COLAMD/Include  -I/home/research/jakee/src/MUMPS_4.10.0/include  -I/home/research/jakee/.local/include conftest.cpp >&5
configure:3681: $? = 0
configure:3722: result: yes
configure:3748: checking whether make supports the include directive
configure:3763: make -f confmf.GNU && cat confinc.out
this is the am__doit target
configure:3766: $? = 0
configure:3785: result: yes (GNU style)
configure:3810: checking dependency style of g++
configure:3921: result: gcc3
configure:3984: checking for gcc
configure:4000: found /usr/bin/gcc
configure:4011: result: gcc
configure:4240: checking for C compiler version
configure:4249: gcc --version >&5
gcc (GCC) 8.5.0 20210514 (Red Hat 8.5.0-23)
Copyright (C) 2018 Free Software Foundation, Inc.
This is free software; see the source for copying conditions.  There is NO
warranty; not even for MERCHANTABILITY or FITNESS FOR A PARTICULAR PURPOSE.

configure:4260: $? = 0
configure:4249: gcc -v >&5
Using built-in specs.
COLLECT_GCC=gcc
COLLECT_LTO_WRAPPER=/usr/libexec/gcc/x86_64-redhat-linux/8/lto-wrapper
OFFLOAD_TARGET_NAMES=nvptx-none
OFFLOAD_TARGET_DEFAULT=1
Target: x86_64-redhat-linux
Configured with: ../configure --enable-bootstrap --enable-languages=c,c++,fortran,lto --prefix=/usr --mandir=/usr/share/man --infodir=/usr/share/info --with-bugurl=https://bugs.rockylinux.org/ --enable-shared --enable-threads=posix --enable-checking=release --enable-multilib --with-system-zlib --enable-__cxa_atexit --disable-libunwind-exceptions --enable-gnu-unique-object --enable-linker-build-id --with-gcc-major-version-only --with-linker-hash-style=gnu --enable-plugin --enable-initfini-array --with-isl --disable-libmpx --enable-offload-targets=nvptx-none --without-cuda-driver --enable-gnu-indirect-function --enable-cet --with-tune=generic --with-arch_32=x86-64 --build=x86_64-redhat-linux
Thread model: posix
gcc version 8.5.0 20210514 (Red Hat 8.5.0-23) (GCC) 
configure:4260: $? = 0
configure:4249: gcc -V >&5
gcc: error: unrecognized command line option '-V'
gcc: fatal error: no input files
compilation terminated.
configure:4260: $? = 1
configure:4249: gcc -qversion >&5
gcc: error: unrecognized command line option '-qversion'; did you mean '--version'?
gcc: fatal error: no input files
compilation terminated.
configure:4260: $? = 1
configure:4264: checking whether we are using the GNU C compiler
configure:4283: gcc -c   -I/home/research/jakee/src/SuiteSparse/UFconfig  -I/home/research/jakee/src/SuiteSparse/AMD/Include  -I/home/research/jakee/src/SuiteSparse/COLAMD/Include  -I/home/research/jakee/src/MUMPS_4.10.0/include  -I/home/research/jakee/.local/include conftest.c >&5
configure:4283: $? = 0
configure:4292: result: yes
configure:4301: checking whether gcc accepts -g
configure:4321: gcc -c -g  -I/home/research/jakee/src/SuiteSparse/UFconfig  -I/home/research/jakee/src/SuiteSparse/AMD/Include  -I/home/research/jakee/src/SuiteSparse/COLAMD/Include  -I/home/research/jakee/src/MUMPS_4.10.0/include  -I/home/research/jakee/.local/include conftest.c >&5
configure:4321: $? = 0
configure:4362: result: yes
configure:4379: checking for gcc option to accept ISO C89
configure:4442: gcc  -c -g -O2  -I/home/research/jakee/src/SuiteSparse/UFconfig  -I/home/research/jakee/src/SuiteSparse/AMD/Include  -I/home/research/jakee/src/SuiteSparse/COLAMD/Include  -I/home/research/jakee/src/MUMPS_4.10.0/include  -I/home/research/jakee/.local/include conftest.c >&5
configure:4442: $? = 0
configure:4455: result: none needed
configure:4480: checking whether gcc understands -c and -o together
configure:4502: gcc -c conftest.c -o conftest2.o
configure:4505: $? = 0
configure:4502: gcc -c conftest.c -o conftest2.o
configure:4505: $? = 0
configure:4517: result: yes
configure:4536: checking dependency style of gcc
configure:4647: result: gcc3
configure:4715: checking for gfortran
configure:4731: found /usr/bin/gfortran
configure:4742: result: gfortran
configure:4768: checking for Fortran compiler version
configure:4777: gfortran --version >&5
GNU Fortran (GCC) 8.5.0 20210514 (Red Hat 8.5.0-23)
Copyright (C) 2018 Free Software Foundation, Inc.
This is free software; see the source for copying conditions.  There is NO
warranty; not even for MERCHANTABILITY or FITNESS FOR A PARTICULAR PURPOSE.

configure:4788: $? = 0
configure:4777: gfortran -v >&5
Using built-in specs.
COLLECT_GCC=gfortran
COLLECT_LTO_WRAPPER=/usr/libexec/gcc/x86_64-redhat-linux/8/lto-wrapper
OFFLOAD_TARGET_NAMES=nvptx-none
OFFLOAD_TARGET_DEFAULT=1
Target: x86_64-redhat-linux
Configured with: ../configure --enable-bootstrap --enable-languages=c,c++,fortran,lto --prefix=/usr --mandir=/usr/share/man --infodir=/usr/share/info --with-bugurl=https://bugs.rockylinux.org/ --enable-shared --enable-threads=posix --enable-checking=release --enable-multilib --with-system-zlib --enable-__cxa_atexit --disable-libunwind-exceptions --enable-gnu-unique-object --enable-linker-build-id --with-gcc-major-version-only --with-linker-hash-style=gnu --enable-plugin --enable-initfini-array --with-isl --disable-libmpx --enable-offload-targets=nvptx-none --without-cuda-driver --enable-gnu-indirect-function --enable-cet --with-tune=generic --with-arch_32=x86-64 --build=x86_64-redhat-linux
Thread model: posix
gcc version 8.5.0 20210514 (Red Hat 8.5.0-23) (GCC) 
configure:4788: $? = 0
configure:4777: gfortran -V >&5
gfortran: error: unrecognized command line option '-V'
gfortran: fatal error: no input files
compilation terminated.
configure:4788: $? = 1
configure:4777: gfortran -qversion >&5
gfortran: error: unrecognized command line option '-qversion'; did you mean '--version'?
gfortran: fatal error: no input files
compilation terminated.
configure:4788: $? = 1
configure:4797: checking whether we are using the GNU Fortran compiler
configure:4810: gfortran -c   conftest.F >&5
configure:4810: $? = 0
configure:4819: result: yes
configure:4825: checking whether gfortran accepts -g
configure:4836: gfortran -c -g  conftest.f >&5
configure:4836: $? = 0
configure:4844: result: yes
configure:4877: checking build system type
configure:4891: result: x86_64-pc-linux-gnu
configure:4911: checking host system type
configure:4924: result: x86_64-pc-linux-gnu
configure:4949: checking how to get verbose linking output from gfortran
configure:4959: gfortran -c -g -O2  conftest.f >&5
configure:4959: $? = 0
configure:4977: gfortran -o conftest -g -O2 -v -L/home/research/jakee/src/SuiteSparse/UFconfig -L/home/research/jakee/src/SuiteSparse/AMD/Lib -L/home/research/jakee/src/SuiteSparse/COLAMD/Lib -L/home/research/jakee/src/MUMPS_4.10.0/lib -L/home/research/jakee/.local/lib conftest.f -ldmumps -lmumps_common -lpord -lmpiseq -lsdpa -lopenblas -llapack -lm -lpthread -lgfortran
Using built-in specs.
Target: x86_64-redhat-linux
Thread model: posix
gcc version 8.5.0 20210514 (Red Hat 8.5.0-23) (GCC) 
 /usr/libexec/gcc/x86_64-redhat-linux/8/f951 conftest.f -ffixed-form -quiet -dumpbase conftest.f -mtune=generic -march=x86-64 -auxbase conftest -g -O2 -version -fintrinsic-modules-path /usr/lib/gcc/x86_64-redhat-linux/8/finclude -o /tmp/ccHBTka2.s
GNU Fortran (GCC) version 8.5.0 20210514 (Red Hat 8.5.0-23) (x86_64-redhat-linux)
	compiled by GNU C version 8.5.0 20210514 (Red Hat 8.5.0-23), GMP version 6.1.2, MPFR version 3.1.6-p2, MPC version 1.1.0, isl version isl-0.16.1-GMP

GGC heuristics: --param ggc-min-expand=100 --param ggc-min-heapsize=131072
GNU Fortran2008 (GCC) version 8.5.0 20210514 (Red Hat 8.5.0-23) (x86_64-redhat-linux)
	compiled by GNU C version 8.5.0 20210514 (Red Hat 8.5.0-23), GMP version 6.1.2, MPFR version 3.1.6-p2, MPC version 1.1.0, isl version isl-0.16.1-GMP

GGC heuristics: --param ggc-min-expand=100 --param ggc-min-heapsize=131072
 as -v --64 -o /tmp/ccBCHlJB.o /tmp/ccHBTka2.s
GNU assembler version 2.30 (x86_64-redhat-linux) using BFD version version 2.30-125.el8_10
Reading specs from /usr/lib/gcc/x86_64-redhat-linux/8/libgfortran.spec
rename spec lib to liborig
 /usr/libexec/gcc/x86_64-redhat-linux/8/collect2 -plugin /usr/libexec/gcc/x86_64-redhat-linux/8/liblto_plugin.so -plugin-opt=/usr/libexec/gcc/x86_64-redhat-linux/8/lto-wrapper -plugin-opt=-fresolution=/tmp/ccioQgVK.res -plugin-opt=-pass-through=-lgcc_s -plugin-opt=-pass-through=-lgcc -plugin-opt=-pass-through=-lquadmath -plugin-opt=-pass-through=-lm -plugin-opt=-pass-through=-lgcc_s -plugin-opt=-pass-through=-lgcc -plugin-opt=-pass-through=-lc -plugin-opt=-pass-through=-lgcc_s -plugin-opt=-pass-through=-lgcc --build-id --no-add-needed --eh-frame-hdr --hash-style=gnu -m elf_x86_64 -dynamic-linker /lib64/ld-linux-x86-64.so.2 -o conftest /usr/lib/gcc/x86_64-redhat-linux/8/../../../../lib64/crt1.o /usr/lib/gcc/x86_64-redhat-linux/8/../../../../lib64/crti.o /usr/lib/gcc/x86_64-redhat-linux/8/crtbegin.o -L/home/research/jakee/src/SuiteSparse/UFconfig -L/home/research/jakee/src/SuiteSparse/AMD/Lib -L/home/research/jakee/src/SuiteSparse/COLAMD/Lib -L/home/research/jakee/src/MUMPS_4.10.0/lib -L/home/research/jakee/.local/lib -L/usr/lib/gcc/x86_64-redhat-linux/8 -L/usr/lib/gcc/x86_64-redhat-linux/8/../../../../lib64 -L/lib/../lib64 -L/usr/lib/../lib64 -L/usr/lib/gcc/x86_64-redhat-linux/8/../../.. /tmp/ccBCHlJB.o -ldmumps -lmumps_common -lpord -lmpiseq -lsdpa -lopenblas -llapack -lgfortran -lm -lpthread -lgfortran -lm -lgcc_s -lgcc -lquadmath -lm -lgcc_s -lgcc -lc -lgcc_s -lgcc /usr/lib/gcc/x86_64-redhat-linux/8/crtend.o /usr/lib/gcc/x86_64-redhat-linux/8/../../../../lib64/crtn.o
configure:5060: result: -v
configure:5062: checking for Fortran libraries of gfortran
configure:5085: gfortran -o conftest -g -O2 -v -L/home/research/jakee/src/SuiteSparse/UFconfig -L/home/research/jakee/src/SuiteSparse/AMD/Lib -L/home/research/jakee/src/SuiteSparse/COLAMD/Lib -L/home/research/jakee/src/MUMPS_4.10.0/lib -L/home/research/jakee/.local/lib conftest.f -ldmumps -lmumps_common -lpord -lmpiseq -lsdpa -lopenblas -llapack -lm -lpthread -lgfortran
Using built-in specs.
Target: x86_64-redhat-linux
Thread model: posix
gcc version 8.5.0 20210514 (Red Hat 8.5.0-23) (GCC) 
 /usr/libexec/gcc/x86_64-redhat-linux/8/f951 conftest.f -ffixed-form -quiet -dumpbase conftest.f -mtune=generic -march=x86-64 -auxbase conftest -g -O2 -version -fintrinsic-modules-path /usr/lib/gcc/x86_64-redhat-linux/8/finclude -o /tmp/ccufLjOW.s
GNU Fortran (GCC) version 8.5.0 20210514 (Red Hat 8.5.0-23) (x86_64-redhat-linux)
	compiled by GNU C version 8.5.0 20210514 (Red Hat 8.5.0-23), GMP version 6.1.2, MPFR version 3.1.6-p2, MPC version 1.1.0, isl version isl-0.16.1-GMP

GGC heuristics: --param ggc-min-expand=100 --param ggc-min-heapsize=131072
GNU Fortran2008 (GCC) version 8.5.0 20210514 (Red Hat 8.5.0-23) (x86_64-redhat-linux)
	compiled by GNU C version 8.5.0 20210514 (Red Hat 8.5.0-23), GMP version 6.1.2, MPFR version 3.1.6-p2, MPC version 1.1.0, isl version isl-0.16.1-GMP

GGC heuristics: --param ggc-min-expand=100 --param ggc-min-heapsize=131072
 as -v --64 -o /tmp/ccbR6Gxr.o /tmp/ccufLjOW.s
GNU assembler version 2.30 (x86_64-redhat-linux) using BFD version version 2.30-125.el8_10
Reading specs from /usr/lib/gcc/x86_64-redhat-linux/8/libgfortran.spec
rename spec lib to liborig
 /usr/libexec/gcc/x86_64-redhat-linux/8/collect2 -plugin /usr/libexec/gcc/x86_64-redhat-linux/8/liblto_plugin.so -plugin-opt=/usr/libexec/gcc/x86_64-redhat-linux/8/lto-wrapper -plugin-opt=-fresolution=/tmp/ccuCgAcN.res -plugin-opt=-pass-through=-lgcc_s -plugin-opt=-pass-through=-lgcc -plugin-opt=-pass-through=-lquadmath -plugin-opt=-pass-through=-lm -plugin-opt=-pass-through=-lgcc_s -plugin-opt=-pass-through=-lgcc -plugin-opt=-pass-through=-lc -plugin-opt=-pass-through=-lgcc_s -plugin-opt=-pass-through=-lgcc --build-id --no-add-needed --eh-frame-hdr --hash-style=gnu -m elf_x86_64 -dynamic-linker /lib64/ld-linux-x86-64.so.2 -o conftest /usr/lib/gcc/x86_64-redhat-linux/8/../../../../lib64/crt1.o /usr/lib/gcc/x86_64-redhat-linux/8/../../../../lib64/crti.o /usr/lib/gcc/x86_64-redhat-linux/8/crtbegin.o -L/home/research/jakee/src/SuiteSparse/UFconfig -L/home/research/jakee/src/SuiteSparse/AMD/Lib -L/home/research/jakee/src/SuiteSparse/COLAMD/Lib -L/home/research/jakee/src/MUMPS_4.10.0/lib -L/home/research/jakee/.local/lib -L/usr/lib/gcc/x86_64-redhat-linux/8 -L/usr/lib/gcc/x86_64-redhat-linux/8/../../../../lib64 -L/lib/../lib64 -L/usr/lib/../lib64 -L/usr/lib/gcc/x86_64-redhat-linux/8/../../.. /tmp/ccbR6Gxr.o -ldmumps -lmumps_common -lpord -lmpiseq -lsdpa -lopenblas -llapack -lgfortran -lm -lpthread -lgfortran -lm -lgcc_s -lgcc -lquadmath -lm -lgcc_s -lgcc -lc -lgcc_s -lgcc /usr/lib/gcc/x86_64-redhat-linux/8/crtend.o /usr/lib/gcc/x86_64-redhat-linux/8/../../../../lib64/crtn.o
configure:5282: result:  -L/home/research/jakee/src/SuiteSparse/UFconfig -L/home/research/jakee/src/SuiteSparse/AMD/Lib -L/home/research/jakee/src/SuiteSparse/COLAMD/Lib -L/home/research/jakee/src/MUMPS_4.10.0/lib -L/home/research/jakee/.local/lib -L/usr/lib/gcc/x86_64-redhat-linux/8 -L/usr/lib/gcc/x86_64-redhat-linux/8/../../../../lib64 -L/lib/../lib64 -L/usr/lib/../lib64 -L/usr/lib/gcc/x86_64-redhat-linux/8/../../.. -ldmumps -lmumps_common -lpord -lmpiseq -lsdpa -lopenblas -llapack -lgfortran -lm -lpthread -lquadmath
configure:5299: checking for dummy main to link with Fortran libraries
configure:5333: gcc -o conftest -g -O2  -I/home/research/jakee/src/SuiteSparse/UFconfig  -I/home/research/jakee/src/SuiteSparse/AMD/Include  -I/home/research/jakee/src/SuiteSparse/COLAMD/Include  -I/home/research/jakee/src/MUMPS_4.10.0/include  -I/home/research/jakee/.local/include  -L/home/research/jakee/src/SuiteSparse/UFconfig  -L/home/research/jakee/src/SuiteSparse/AMD/Lib  -L/home/research/jakee/src/SuiteSparse/COLAMD/Lib  -L/home/research/jakee/src/MUMPS_4.10.0/lib  -L/home/research/jakee/.local/lib conftest.c -ldmumps -lmumps_common -lpord -lmpiseq -lsdpa -lopenblas -llapack -lm -lpthread -lgfortran  -L/home/research/jakee/src/SuiteSparse/UFconfig -L/home/research/jakee/src/SuiteSparse/AMD/Lib -L/home/research/jakee/src/SuiteSparse/COLAMD/Lib -L/home/research/jakee/src/MUMPS_4.10.0/lib -L/home/research/jakee/.local/lib -L/usr/lib/gcc/x86_64-redhat-linux/8 -L/usr/lib/gcc/x86_64-redhat-linux/8/../../../../lib64 -L/lib/../lib64 -L/usr/lib/../lib64 -L/usr/lib/gcc/x86_64-redhat-linux/8/../../.. -ldmumps -lmumps_common -lpord -lmpiseq -lsdpa -lopenblas -llapack -lgfortran -lm -lpthread -lquadmath >&5
configure:5333: $? = 0
configure:5378: result: none
configure:5411: checking for Fortran name-mangling scheme
configure:5424: gfortran -c -g -O2  conftest.f >&5
configure:5424: $? = 0
configure:5465: gcc -o conftest -g -O2  -I/home/research/jakee/src/SuiteSparse/UFconfig  -I/home/research/jakee/src/SuiteSparse/AMD/Include  -I/home/research/jakee/src/SuiteSparse/COLAMD/Include  -I/home/research/jakee/src/MUMPS_4.10.0/include  -I/home/research/jakee/.local/include  -L/home/research/jakee/src/SuiteSparse/UFconfig  -L/home/research/jakee/src/SuiteSparse/AMD/Lib  -L/home/research/jakee/src/SuiteSparse/COLAMD/Lib  -L/home/research/jakee/src/MUMPS_4.10.0/lib  -L/home/research/jakee/.local/lib conftest.c cfortran_test.o -ldmumps -lmumps_common -lpord -lmpiseq -lsdpa -lopenblas -llapack -lm -lpthread -lgfortran  -L/home/research/jakee/src/SuiteSparse/UFconfig -L/home/research/jakee/src/SuiteSparse/AMD/Lib -L/home/research/jakee/src/SuiteSparse/COLAMD/Lib -L/home/research/jakee/src/MUMPS_4.10.0/lib -L/home/research/jakee/.local/lib -L/usr/lib/gcc/x86_64-redhat-linux/8 -L/usr/lib/gcc/x86_64-redhat-linux/8/../../../../lib64 -L/lib/../lib64 -L/usr/lib/../lib64 -L/usr/lib/gcc/x86_64-redhat-linux/8/../../.. -ldmumps -lmumps_common -lpord -lmpiseq -lsdpa -lopenblas -llapack -lgfortran -lm -lpthread -lquadmath >&5
/tmp/cc4roMAd.o: In function `main':
/home/research/jakee/src/open_universe/sparsePOP_dev/conftest.c:30: undefined reference to `foobar'
collect2: error: ld returned 1 exit status
configure:5465: $? = 1
configure: failed program was:
| /* confdefs.h */
| #define PACKAGE_NAME "sparsePOP"
| #define PACKAGE_TARNAME "sparsepop"
| #define PACKAGE_VERSION "2.56"
| #define PACKAGE_STRING "sparsePOP 2.56"
| #define PACKAGE_BUGREPORT "kojima-spop@is.titech.ac.jp"
| #define PACKAGE_URL ""
| #define PACKAGE "sparsepop"
| #define VERSION "2.56"
| /* end confdefs.h.  */
| 
| /* Override any GCC internal prototype to avoid an error.
|    Use char because int might match the return type of a GCC
|    builtin and then its argument prototype would still apply.  */
| #ifdef __cplusplus
| extern "C"
| #endif
| char foobar ();
| #ifdef FC_DUMMY_MAIN
| #ifndef FC_DUMMY_MAIN_EQ_F77
| #  ifdef __cplusplus
|      extern "C"
| #  endif
|    int FC_DUMMY_MAIN() { return 1; }
| #endif
| #endif
| int
| main ()
| {
| return foobar ();
|   ;
|   return 0;
| }
configure:5465: gcc -o conftest -g -O2  -I/home/research/jakee/src/SuiteSparse/UFconfig  -I/home/research/jakee/src/SuiteSparse/AMD/Include  -I/home/research/jakee/src/SuiteSparse/COLAMD/Include  -I/home/research/jakee/src/MUMPS_4.10.0/include  -I/home/research/jakee/.local/include  -L/home/research/jakee/src/SuiteSparse/UFconfig  -L/home/research/jakee/src/SuiteSparse/AMD/Lib  -L/home/research/jakee/src/SuiteSparse/COLAMD/Lib  -L/home/research/jakee/src/MUMPS_4.10.0/lib  -L/home/research/jakee/.local/lib conftest.c cfortran_test.o -ldmumps -lmumps_common -lpord -lmpiseq -lsdpa -lopenblas -llapack -lm -lpthread -lgfortran  -L/home/research/jakee/src/SuiteSparse/UFconfig -L/home/research/jakee/src/SuiteSparse/AMD/Lib -L/home/research/jakee/src/SuiteSparse/COLAMD/Lib -L/home/research/jakee/src/MUMPS_4.10.0/lib -L/home/research/jakee/.local/lib -L/usr/lib/gcc/x86_64-redhat-linux/8 -L/usr/lib/gcc/x86_64-redhat-linux/8/../../../../lib64 -L/lib/../lib64 -L/usr/lib/../lib64 -L/usr/lib/gcc/x86_64-redhat-linux/8/../../.. -ldmumps -lmumps_common -lpord -lmpiseq -lsdpa -lopenblas -llapack -lgfortran -lm -lpthread -lquadmath >&5
configure:5465: $? = 0
configure:5523: gcc -o conftest -g -O2  -I/home/research/jakee/src/SuiteSparse/UFconfig  -I/home/research/jakee/src/SuiteSparse/AMD/Include  -I/home/research/jakee/src/SuiteSparse/COLAMD/Include  -I/home/research/jakee/src/MUMPS_4.10.0/include  -I/home/research/jakee/.local/include  -L/home/research/jakee/src/SuiteSparse/UFconfig  -L/home/research/jakee/src/SuiteSparse/AMD/Lib  -L/home/research/jakee/src/SuiteSparse/COLAMD/Lib  -L/home/research/jakee/src/MUMPS_4.10.0/lib  -L/home/research/jakee/.local/lib conftest.c cfortran_test.o -ldmumps -lmumps_common -lpord -lmpiseq -lsdpa -lopenblas -llapack -lm -lpthread -lgfortran  -L/home/research/jakee/src/SuiteSparse/UFconfig -L/home/research/jakee/src/SuiteSparse/AMD/Lib -L/home/research/jakee/src/SuiteSparse/COLAMD/Lib -L/home/research/jakee/src/MUMPS_4.10.0/lib -L/home/research/jakee/.local/lib -L/usr/lib/gcc/x86_64-redhat-linux/8 -L/usr/lib/gcc/x86_64-redhat-linux/8/../../../../lib64 -L/lib/../lib64 -L/usr/lib/../lib64 -L/usr/lib/gcc/x86_64-redhat-linux/8/../../.. -ldmumps -lmumps_common -lpord -lmpiseq -lsdpa -lopenblas -llapack -lgfortran -lm -lpthread -lquadmath >&5
configure:5523: $? = 0
configure:5565: result: lower case, underscore, no extra underscore
configure:5685: checking for dgemm_
configure:5685: gcc -o conftest -g -O2 -O2 -funroll-all-loops  -I/home/research/jakee/src/SuiteSparse/UFconfig  -I/home/research/jakee/src/SuiteSparse/AMD/Include  -I/home/research/jakee/src/SuiteSparse/COLAMD/Include  -I/home/research/jakee/src/MUMPS_4.10.0/include  -I/home/research/jakee/.local/include  -L/home/research/jakee/src/SuiteSparse/UFconfig  -L/home/research/jakee/src/SuiteSparse/AMD/Lib  -L/home/research/jakee/src/SuiteSparse/COLAMD/Lib  -L/home/research/jakee/src/MUMPS_4.10.0/lib  -L/home/research/jakee/.local/lib conftest.c -ldmumps -lmumps_common -lpord -lmpiseq -lsdpa -lopenblas -llapack -lm -lpthread -lgfortran -lm -lpthread -lgfortran -L-L/home/research/jakee/.local/lib -lopenblas -lblas  -L/home/research/jakee/src/SuiteSparse/UFconfig -L/home/research/jakee/src/SuiteSparse/AMD/Lib -L/home/research/jakee/src/SuiteSparse/COLAMD/Lib -L/home/research/jakee/src/MUMPS_4.10.0/lib -L/home/research/jakee/.local/lib -L/usr/lib/gcc/x86_64-redhat-linux/8 -L/usr/lib/gcc/x86_64-redhat-linux/8/../../../../lib64 -L/lib/../lib64 -L/usr/lib/../lib64 -L/usr/lib/gcc/x86_64-redhat-linux/8/../../.. -ldmumps -lmumps_common -lpord -lmpiseq -lsdpa -lopenblas -llapack -lgfortran -lm -lpthread -lquadmath -lpthread >&5
configure:5685: $? = 0
configure:5685: result: yes
configure:5731: checking for dpptrf_
configure:5731: gcc -o conftest -g -O2 -O2 -funroll-all-loops  -I/home/research/jakee/src/SuiteSparse/UFconfig  -I/home/research/jakee/src/SuiteSparse/AMD/Include  -I/home/research/jakee/src/SuiteSparse/COLAMD/Include  -I/home/research/jakee/src/MUMPS_4.10.0/include  -I/home/research/jakee/.local/include  -L/home/research/jakee/src/SuiteSparse/UFconfig  -L/home/research/jakee/src/SuiteSparse/AMD/Lib  -L/home/research/jakee/src/SuiteSparse/COLAMD/Lib  -L/home/research/jakee/src/MUMPS_4.10.0/lib  -L/home/research/jakee/.local/lib conftest.c -ldmumps -lmumps_common -lpord -lmpiseq -lsdpa -lopenblas -llapack -lm -lpthread -lgfortran -lm -lpthread -lgfortran -L-L/home/research/jakee/.local/lib -lopenblas -llapack -L-L/home/research/jakee/.local/lib -lopenblas -lblas  -L/home/research/jakee/src/SuiteSparse/UFconfig -L/home/research/jakee/src/SuiteSparse/AMD/Lib -L/home/research/jakee/src/SuiteSparse/COLAMD/Lib -L/home/research/jakee/src/MUMPS_4.10.0/lib -L/home/research/jakee/.local/lib -L/usr/lib/gcc/x86_64-redhat-linux/8 -L/usr/lib/gcc/x86_64-redhat-linux/8/../../../../lib64 -L/lib/../lib64 -L/usr/lib/../lib64 -L/usr/lib/gcc/x86_64-redhat-linux/8/../../.. -ldmumps -lmumps_common -lpord -lmpiseq -lsdpa -lopenblas -llapack -lgfortran -lm -lpthread -lquadmath -lpthread >&5
configure:5731: $? = 0
configure:5731: result: yes
configure:5769: checking how to run the C preprocessor
configure:5800: gcc -E -I/home/research/jakee/.local/include  -I/home/research/jakee/src/SuiteSparse/UFconfig  -I/home/research/jakee/src/SuiteSparse/AMD/Include  -I/home/research/jakee/src/SuiteSparse/COLAMD/Include  -I/home/research/jakee/src/MUMPS_4.10.0/include  -I/home/research/jakee/.local/include conftest.c
configure:5800: $? = 0
configure:5814: gcc -E -I/home/research/jakee/.local/include  -I/home/research/jakee/src/SuiteSparse/UFconfig  -I/home/research/jakee/src/SuiteSparse/AMD/Include  -I/home/research/jakee/src/SuiteSparse/COLAMD/Include  -I/home/research/jakee/src/MUMPS_4.10.0/include  -I/home/research/jakee/.local/include conftest.c
conftest.c:13:10: fatal error: ac_nonexistent.h: No such file or directory
 #include <ac_nonexistent.h>
          ^~~~~~~~~~~~~~~~~~
compilation terminated.
configure:5814: $? = 1
configure: failed program was:
| /* confdefs.h */
| #define PACKAGE_NAME "sparsePOP"
| #define PACKAGE_TARNAME "sparsepop"
| #define PACKAGE_VERSION "2.56"
| #define PACKAGE_STRING "sparsePOP 2.56"
| #define PACKAGE_BUGREPORT "kojima-spop@is.titech.ac.jp"
| #define PACKAGE_URL ""
| #define PACKAGE "sparsepop"
| #define VERSION "2.56"
| #define FC_FUNC(name,NAME) name ## _
| #define FC_FUNC_(name,NAME) name ## _
| /* end confdefs.h.  */
| #include <ac_nonexistent.h>
configure:5839: result: gcc -E
configure:5859: gcc -E -I/home/research/jakee/.local/include  -I/home/research/jakee/src/SuiteSparse/UFconfig  -I/home/research/jakee/src/SuiteSparse/AMD/Include  -I/home/research/jakee/src/SuiteSparse/COLAMD/Include  -I/home/research/jakee/src/MUMPS_4.10.0/include  -I/home/research/jakee/.local/include conftest.c
configure:5859: $? = 0
configure:5873: gcc -E -I/home/research/jakee/.local/include  -I/home/research/jakee/src/SuiteSparse/UFconfig  -I/home/research/jakee/src/SuiteSparse/AMD/Include  -I/home/research/jakee/src/SuiteSparse/COLAMD/Include  -I/home/research/jakee/src/MUMPS_4.10.0/include  -I/home/research/jakee/.local/include conftest.c
conftest.c:13:10: fatal error: ac_nonexistent.h: No such file or directory
 #include <ac_nonexistent.h>
          ^~~~~~~~~~~~~~~~~~
compilation terminated.
configure:5873: $? = 1
configure: failed program was:
| /* confdefs.h */
| #define PACKAGE_NAME "sparsePOP"
| #define PACKAGE_TARNAME "sparsepop"
| #define PACKAGE_VERSION "2.56"
| #define PACKAGE_STRING "sparsePOP 2.56"
| #define PACKAGE_BUGREPORT "kojima-spop@is.titech.ac.jp"
| #define PACKAGE_URL ""
| #define PACKAGE "sparsepop"
| #define VERSION "2.56"
| #define FC_FUNC(name,NAME) name ## _
| #define FC_FUNC_(name,NAME) name ## _
| /* end confdefs.h.  */
| #include <ac_nonexistent.h>
configure:5902: checking for grep that handles long lines and -e
configure:5960: result: /usr/bin/grep
configure:5965: checking for egrep
configure:6027: result: /usr/bin/grep -E
configure:6032: checking for ANSI C header files
configure:6060: gcc -c -g -O2 -O2 -funroll-all-loops -I/home/research/jakee/.local/include  -I/home/research/jakee/src/SuiteSparse/UFconfig  -I/home/research/jakee/src/SuiteSparse/AMD/Include  -I/home/research/jakee/src/SuiteSparse/COLAMD/Include  -I/home/research/jakee/src/MUMPS_4.10.0/include  -I/home/research/jakee/.local/include conftest.c >&5
configure:6060: $? = 0
configure:6133: gcc -o conftest -g -O2 -O2 -funroll-all-loops -I/home/research/jakee/.local/include  -I/home/research/jakee/src/SuiteSparse/UFconfig  -I/home/research/jakee/src/SuiteSparse/AMD/Include  -I/home/research/jakee/src/SuiteSparse/COLAMD/Include  -I/home/research/jakee/src/MUMPS_4.10.0/include  -I/home/research/jakee/.local/include  -L/home/research/jakee/src/SuiteSparse/UFconfig  -L/home/research/jakee/src/SuiteSparse/AMD/Lib  -L/home/research/jakee/src/SuiteSparse/COLAMD/Lib  -L/home/research/jakee/src/MUMPS_4.10.0/lib  -L/home/research/jakee/.local/lib conftest.c -ldmumps -lmumps_common -lpord -lmpiseq -lsdpa -lopenblas -llapack -lm -lpthread -lgfortran -lm -lpthread -lgfortran >&5
configure:6133: $? = 0
configure:6133: ./conftest
configure:6133: $? = 0
configure:6144: result: yes
configure:6157: checking for sys/types.h
configure:6157: gcc -c -g -O2 -O2 -funroll-all-loops -I/home/research/jakee/.local/include  -I/home/research/jakee/src/SuiteSparse/UFconfig  -I/home/research/jakee/src/SuiteSparse/AMD/Include  -I/home/research/jakee/src/SuiteSparse/COLAMD/Include  -I/home/research/jakee/src/MUMPS_4.10.0/include  -I/home/research/jakee/.local/include conftest.c >&5
configure:6157: $? = 0
configure:6157: result: yes
configure:6157: checking for sys/stat.h
configure:6157: gcc -c -g -O2 -O2 -funroll-all-loops -I/home/research/jakee/.local/include  -I/home/research/jakee/src/SuiteSparse/UFconfig  -I/home/research/jakee/src/SuiteSparse/AMD/Include  -I/home/research/jakee/src/SuiteSparse/COLAMD/Include  -I/home/research/jakee/src/MUMPS_4.10.0/include  -I/home/research/jakee/.local/include conftest.c >&5
configure:6157: $? = 0
configure:6157: result: yes
configure:6157: checking for stdlib.h
configure:6157: gcc -c -g -O2 -O2 -funroll-all-loops -I/home/research/jakee/.local/include  -I/home/research/jakee/src/SuiteSparse/UFconfig  -I/home/research/jakee/src/SuiteSparse/AMD/Include  -I/home/research/jakee/src/SuiteSparse/COLAMD/Include  -I/home/research/jakee/src/MUMPS_4.10.0/include  -I/home/research/jakee/.local/include conftest.c >&5
configure:6157: $? = 0
configure:6157: result: yes
configure:6157: checking for string.h
configure:6157: gcc -c -g -O2 -O2 -funroll-all-loops -I/home/research/jakee/.local/include  -I/home/research/jakee/src/SuiteSparse/UFconfig  -I/home/research/jakee/src/SuiteSparse/AMD/Include  -I/home/research/jakee/src/SuiteSparse/COLAMD/Include  -I/home/research/jakee/src/MUMPS_4.10.0/include  -I/home/research/jakee/.local/include conftest.c >&5
configure:6157: $? = 0
configure:6157: result: yes
configure:6157: checking for memory.h
configure:6157: gcc -c -g -O2 -O2 -funroll-all-loops -I/home/research/jakee/.local/include  -I/home/research/jakee/src/SuiteSparse/UFconfig  -I/home/research/jakee/src/SuiteSparse/AMD/Include  -I/home/research/jakee/src/SuiteSparse/COLAMD/Include  -I/home/research/jakee/src/MUMPS_4.10.0/include  -I/home/research/jakee/.local/include conftest.c >&5
configure:6157: $? = 0
configure:6157: result: yes
configure:6157: checking for strings.h
configure:6157: gcc -c -g -O2 -O2 -funroll-all-loops -I/home/research/jakee/.local/include  -I/home/research/jakee/src/SuiteSparse/UFconfig  -I/home/research/jakee/src/SuiteSparse/AMD/Include  -I/home/research/jakee/src/SuiteSparse/COLAMD/Include  -I/home/research/jakee/src/MUMPS_4.10.0/include  -I/home/research/jakee/.local/include conftest.c >&5
configure:6157: $? = 0
configure:6157: result: yes
configure:6157: checking for inttypes.h
configure:6157: gcc -c -g -O2 -O2 -funroll-all-loops -I/home/research/jakee/.local/include  -I/home/research/jakee/src/SuiteSparse/UFconfig  -I/home/research/jakee/src/SuiteSparse/AMD/Include  -I/home/research/jakee/src/SuiteSparse/COLAMD/Include  -I/home/research/jakee/src/MUMPS_4.10.0/include  -I/home/research/jakee/.local/include conftest.c >&5
configure:6157: $? = 0
configure:6157: result: yes
configure:6157: checking for stdint.h
configure:6157: gcc -c -g -O2 -O2 -funroll-all-loops -I/home/research/jakee/.local/include  -I/home/research/jakee/src/SuiteSparse/UFconfig  -I/home/research/jakee/src/SuiteSparse/AMD/Include  -I/home/research/jakee/src/SuiteSparse/COLAMD/Include  -I/home/research/jakee/src/MUMPS_4.10.0/include  -I/home/research/jakee/.local/include conftest.c >&5
configure:6157: $? = 0
configure:6157: result: yes
configure:6157: checking for unistd.h
configure:6157: gcc -c -g -O2 -O2 -funroll-all-loops -I/home/research/jakee/.local/include  -I/home/research/jakee/src/SuiteSparse/UFconfig  -I/home/research/jakee/src/SuiteSparse/AMD/Include  -I/home/research/jakee/src/SuiteSparse/COLAMD/Include  -I/home/research/jakee/src/MUMPS_4.10.0/include  -I/home/research/jakee/.local/include conftest.c >&5
configure:6157: $? = 0
configure:6157: result: yes
configure:6169: checking metis.h usability
configure:6169: gcc -c -g -O2 -O2 -funroll-all-loops -I/home/research/jakee/.local/include  -I/home/research/jakee/src/SuiteSparse/UFconfig  -I/home/research/jakee/src/SuiteSparse/AMD/Include  -I/home/research/jakee/src/SuiteSparse/COLAMD/Include  -I/home/research/jakee/src/MUMPS_4.10.0/include  -I/home/research/jakee/.local/include conftest.c >&5
configure:6169: $? = 0
configure:6169: result: yes
configure:6169: checking metis.h presence
configure:6169: gcc -E -I/home/research/jakee/.local/include  -I/home/research/jakee/src/SuiteSparse/UFconfig  -I/home/research/jakee/src/SuiteSparse/AMD/Include  -I/home/research/jakee/src/SuiteSparse/COLAMD/Include  -I/home/research/jakee/src/MUMPS_4.10.0/include  -I/home/research/jakee/.local/include conftest.c
configure:6169: $? = 0
configure:6169: result: yes
configure:6169: checking for metis.h
configure:6169: result: yes
configure:6187: checking for METIS_NodeND
configure:6187: gcc -o conftest -g -O2 -O2 -funroll-all-loops  -I/home/research/jakee/src/SuiteSparse/UFconfig  -I/home/research/jakee/src/SuiteSparse/AMD/Include  -I/home/research/jakee/src/SuiteSparse/COLAMD/Include  -I/home/research/jakee/src/MUMPS_4.10.0/include  -I/home/research/jakee/.local/include  -L/home/research/jakee/src/SuiteSparse/UFconfig  -L/home/research/jakee/src/SuiteSparse/AMD/Lib  -L/home/research/jakee/src/SuiteSparse/COLAMD/Lib  -L/home/research/jakee/src/MUMPS_4.10.0/lib  -L/home/research/jakee/.local/lib conftest.c -L/home/research/jakee/.local/lib -lmetis -ldmumps -lmumps_common -lpord -lmpiseq -lsdpa -lopenblas -llapack -lm -lpthread -lgfortran -lm -lpthread -lgfortran  -L/home/research/jakee/src/SuiteSparse/UFconfig -L/home/research/jakee/src/SuiteSparse/AMD/Lib -L/home/research/jakee/src/SuiteSparse/COLAMD/Lib -L/home/research/jakee/src/MUMPS_4.10.0/lib -L/home/research/jakee/.local/lib -L/usr/lib/gcc/x86_64-redhat-linux/8 -L/usr/lib/gcc/x86_64-redhat-linux/8/../../../../lib64 -L/lib/../lib64 -L/usr/lib/../lib64 -L/usr/lib/gcc/x86_64-redhat-linux/8/../../.. -ldmumps -lmumps_common -lpord -lmpiseq -lsdpa -lopenblas -llapack -lgfortran -lm -lpthread -lquadmath -lpthread >&5
configure:6187: $? = 0
configure:6187: result: yes
configure:6212: checking UFconfig.h usability
configure:6212: gcc -c -g -O2 -O2 -funroll-all-loops  -I/home/research/jakee/src/SuiteSparse/UFconfig  -I/home/research/jakee/src/SuiteSparse/AMD/Include  -I/home/research/jakee/src/SuiteSparse/COLAMD/Include  -I/home/research/jakee/src/MUMPS_4.10.0/include  -I/home/research/jakee/.local/include -I/usr/include/suitesparse conftest.c >&5
configure:6212: $? = 0
configure:6212: result: yes
configure:6212: checking UFconfig.h presence
configure:6212: gcc -E  -I/home/research/jakee/src/SuiteSparse/UFconfig  -I/home/research/jakee/src/SuiteSparse/AMD/Include  -I/home/research/jakee/src/SuiteSparse/COLAMD/Include  -I/home/research/jakee/src/MUMPS_4.10.0/include  -I/home/research/jakee/.local/include -I/usr/include/suitesparse conftest.c
configure:6212: $? = 0
configure:6212: result: yes
configure:6212: checking for UFconfig.h
configure:6212: result: yes
configure:6245: checking colamd.h usability
configure:6245: gcc -c -g -O2 -O2 -funroll-all-loops  -I/home/research/jakee/src/SuiteSparse/UFconfig  -I/home/research/jakee/src/SuiteSparse/AMD/Include  -I/home/research/jakee/src/SuiteSparse/COLAMD/Include  -I/home/research/jakee/src/MUMPS_4.10.0/include  -I/home/research/jakee/.local/include -I/usr/include/suitesparse -I/home/research/jakee/src/SuiteSparse/COLAMD/Include conftest.c >&5
configure:6245: $? = 0
configure:6245: result: yes
configure:6245: checking colamd.h presence
configure:6245: gcc -E  -I/home/research/jakee/src/SuiteSparse/UFconfig  -I/home/research/jakee/src/SuiteSparse/AMD/Include  -I/home/research/jakee/src/SuiteSparse/COLAMD/Include  -I/home/research/jakee/src/MUMPS_4.10.0/include  -I/home/research/jakee/.local/include -I/usr/include/suitesparse -I/home/research/jakee/src/SuiteSparse/COLAMD/Include conftest.c
configure:6245: $? = 0
configure:6245: result: yes
configure:6245: checking for colamd.h
configure:6245: result: yes
configure:6262: checking for symamd
configure:6262: gcc -o conftest -g -O2 -O2 -funroll-all-loops  -I/home/research/jakee/src/SuiteSparse/UFconfig  -I/home/research/jakee/src/SuiteSparse/AMD/Include  -I/home/research/jakee/src/SuiteSparse/COLAMD/Include  -I/home/research/jakee/src/MUMPS_4.10.0/include  -I/home/research/jakee/.local/include -I/usr/include/suitesparse  -L/home/research/jakee/src/SuiteSparse/UFconfig  -L/home/research/jakee/src/SuiteSparse/AMD/Lib  -L/home/research/jakee/src/SuiteSparse/COLAMD/Lib  -L/home/research/jakee/src/MUMPS_4.10.0/lib  -L/home/research/jakee/.local/lib conftest.c -ldmumps -lmumps_common -lpord -lmpiseq -lsdpa -lopenblas -llapack -lm -lpthread -lgfortran -lm -lpthread -lgfortran -L/home/research/jakee/src/SuiteSparse/COLAMD/Lib -lcolamd  -L/home/research/jakee/src/SuiteSparse/UFconfig -L/home/research/jakee/src/SuiteSparse/AMD/Lib -L/home/research/jakee/src/SuiteSparse/COLAMD/Lib -L/home/research/jakee/src/MUMPS_4.10.0/lib -L/home/research/jakee/.local/lib -L/usr/lib/gcc/x86_64-redhat-linux/8 -L/usr/lib/gcc/x86_64-redhat-linux/8/../../../../lib64 -L/lib/../lib64 -L/usr/lib/../lib64 -L/usr/lib/gcc/x86_64-redhat-linux/8/../../.. -ldmumps -lmumps_common -lpord -lmpiseq -lsdpa -lopenblas -llapack -lgfortran -lm -lpthread -lquadmath -lpthread >&5
configure:6262: $? = 0
configure:6262: result: yes
configure:6320: checking dmumps_c.h usability
configure:6320: gcc -c -g -O2 -O2 -funroll-all-loops  -I/home/research/jakee/src/SuiteSparse/UFconfig  -I/home/research/jakee/src/SuiteSparse/AMD/Include  -I/home/research/jakee/src/SuiteSparse/COLAMD/Include  -I/home/research/jakee/src/MUMPS_4.10.0/include  -I/home/research/jakee/.local/include -I/usr/include/suitesparse -I/home/research/jakee/src/MUMPS_4.10.0/include conftest.c >&5
configure:6320: $? = 0
configure:6320: result: yes
configure:6320: checking dmumps_c.h presence
configure:6320: gcc -E  -I/home/research/jakee/src/SuiteSparse/UFconfig  -I/home/research/jakee/src/SuiteSparse/AMD/Include  -I/home/research/jakee/src/SuiteSparse/COLAMD/Include  -I/home/research/jakee/src/MUMPS_4.10.0/include  -I/home/research/jakee/.local/include -I/usr/include/suitesparse -I/home/research/jakee/src/MUMPS_4.10.0/include conftest.c
configure:6320: $? = 0
configure:6320: result: yes
configure:6320: checking for dmumps_c.h
configure:6320: result: yes
configure:6364: checking for dmumps_c
configure:6364: gcc -o conftest -g -O2 -O2 -funroll-all-loops  -I/home/research/jakee/src/SuiteSparse/UFconfig  -I/home/research/jakee/src/SuiteSparse/AMD/Include  -I/home/research/jakee/src/SuiteSparse/COLAMD/Include  -I/home/research/jakee/src/MUMPS_4.10.0/include  -I/home/research/jakee/.local/include -I/usr/include/suitesparse  -L/home/research/jakee/src/SuiteSparse/UFconfig  -L/home/research/jakee/src/SuiteSparse/AMD/Lib  -L/home/research/jakee/src/SuiteSparse/COLAMD/Lib  -L/home/research/jakee/src/MUMPS_4.10.0/lib  -L/home/research/jakee/.local/lib conftest.c /home/research/jakee/src/MUMPS_4.10.0/lib/libdmumps.a             /home/research/jakee/src/MUMPS_4.10.0/lib/libmumps_common.a             /home/research/jakee/src/MUMPS_4.10.0/lib/libpord.a             /home/research/jakee/src/MUMPS_4.10.0/lib/libmpiseq.a    -ldmumps -lmumps_common -lpord -lmpiseq -lsdpa -lopenblas -llapack -lm -lpthread -lgfortran -lm -lpthread -lgfortran >&5
configure:6364: $? = 0
configure:6364: result: yes
configure:6400: checking how to run the C++ preprocessor
configure:6427: g++ -E  -I/home/research/jakee/src/SuiteSparse/UFconfig  -I/home/research/jakee/src/SuiteSparse/AMD/Include  -I/home/research/jakee/src/SuiteSparse/COLAMD/Include  -I/home/research/jakee/src/MUMPS_4.10.0/include  -I/home/research/jakee/.local/include -I/usr/include/suitesparse -I/home/research/jakee/src/MUMPS_4.10.0/include -I/home/research/jakee/.local/include conftest.cpp
configure:6427: $? = 0
configure:6441: g++ -E  -I/home/research/jakee/src/SuiteSparse/UFconfig  -I/home/research/jakee/src/SuiteSparse/AMD/Include  -I/home/research/jakee/src/SuiteSparse/COLAMD/Include  -I/home/research/jakee/src/MUMPS_4.10.0/include  -I/home/research/jakee/.local/include -I/usr/include/suitesparse -I/home/research/jakee/src/MUMPS_4.10.0/include -I/home/research/jakee/.local/include conftest.cpp
conftest.cpp:24:10: fatal error: ac_nonexistent.h: No such file or directory
 #include <ac_nonexistent.h>
          ^~~~~~~~~~~~~~~~~~
compilation terminated.
configure:6441: $? = 1
configure: failed program was:
| /* confdefs.h */
| #define PACKAGE_NAME "sparsePOP"
| #define PACKAGE_TARNAME "sparsepop"
| #define PACKAGE_VERSION "2.56"
| #define PACKAGE_STRING "sparsePOP 2.56"
| #define PACKAGE_BUGREPORT "kojima-spop@is.titech.ac.jp"
| #define PACKAGE_URL ""
| #define PACKAGE "sparsepop"
| #define VERSION "2.56"
| #define FC_FUNC(name,NAME) name ## _
| #define FC_FUNC_(name,NAME) name ## _
| #define STDC_HEADERS 1
| #define HAVE_SYS_TYPES_H 1
| #define HAVE_SYS_STAT_H 1
| #define HAVE_STDLIB_H 1
| #define HAVE_STRING_H 1
| #define HAVE_MEMORY_H 1
| #define HAVE_STRINGS_H 1
| #define HAVE_INTTYPES_H 1
| #define HAVE_STDINT_H 1
| #define HAVE_UNISTD_H 1
| #define HAVE_METIS_H 1
| /* end confdefs.h.  */
| #include <ac_nonexistent.h>
configure:6466: result: g++ -E
configure:6486: g++ -E  -I/home/research/jakee/src/SuiteSparse/UFconfig  -I/home/research/jakee/src/SuiteSparse/AMD/Include  -I/home/research/jakee/src/SuiteSparse/COLAMD/Include  -I/home/research/jakee/src/MUMPS_4.10.0/include  -I/home/research/jakee/.local/include -I/usr/include/suitesparse -I/home/research/jakee/src/MUMPS_4.10.0/include -I/home/research/jakee/.local/include conftest.cpp
configure:6486: $? = 0
configure:6500: g++ -E  -I/home/research/jakee/src/SuiteSparse/UFconfig  -I/home/research/jakee/src/SuiteSparse/AMD/Include  -I/home/research/jakee/src/SuiteSparse/COLAMD/Include  -I/home/research/jakee/src/MUMPS_4.10.0/include  -I/home/research/jakee/.local/include -I/usr/include/suitesparse -I/home/research/jakee/src/MUMPS_4.10.0/include -I/home/research/jakee/.local/include conftest.cpp
conftest.cpp:24:10: fatal error: ac_nonexistent.h: No such file or directory
 #include <ac_nonexistent.h>
          ^~~~~~~~~~~~~~~~~~
compilation terminated.
configure:6500: $? = 1
configure: failed program was:
| /* confdefs.h */
| #define PACKAGE_NAME "sparsePOP"
| #define PACKAGE_TARNAME "sparsepop"
| #define PACKAGE_VERSION "2.56"
| #define PACKAGE_STRING "sparsePOP 2.56"
| #define PACKAGE_BUGREPORT "kojima-spop@is.titech.ac.jp"
| #define PACKAGE_URL ""
| #define PACKAGE "sparsepop"
| #define VERSION "2.56"
| #define FC_FUNC(name,NAME) name ## _
| #define FC_FUNC_(name,NAME) name ## _
| #define STDC_HEADERS 1
| #define HAVE_SYS_TYPES_H 1
| #define HAVE_SYS_STAT_H 1
| #define HAVE_STDLIB_H 1
| #define HAVE_STRING_H 1
| #define HAVE_MEMORY_H 1
| #define HAVE_STRINGS_H 1
| #define HAVE_INTTYPES_H 1
| #define HAVE_STDINT_H 1
| #define HAVE_UNISTD_H 1
| #define HAVE_METIS_H 1
| /* end confdefs.h.  */
| #include <ac_nonexistent.h>
configure:6529: checking sdpa_call.h usability
configure:6529: g++ -c -g -O2 -D_REENTRANT  -O2 -funroll-all-loops  -I/home/research/jakee/src/SuiteSparse/UFconfig  -I/home/research/jakee/src/SuiteSparse/AMD/Include  -I/home/research/jakee/src/SuiteSparse/COLAMD/Include  -I/home/research/jakee/src/MUMPS_4.10.0/include  -I/home/research/jakee/.local/include -I/usr/include/suitesparse -I/home/research/jakee/src/MUMPS_4.10.0/include -I/home/research/jakee/.local/include conftest.cpp >&5
configure:6529: $? = 0
configure:6529: result: yes
configure:6529: checking sdpa_call.h presence
configure:6529: g++ -E  -I/home/research/jakee/src/SuiteSparse/UFconfig  -I/home/research/jakee/src/SuiteSparse/AMD/Include  -I/home/research/jakee/src/SuiteSparse/COLAMD/Include  -I/home/research/jakee/src/MUMPS_4.10.0/include  -I/home/research/jakee/.local/include -I/usr/include/suitesparse -I/home/research/jakee/src/MUMPS_4.10.0/include -I/home/research/jakee/.local/include conftest.cpp
configure:6529: $? = 0
configure:6529: result: yes
configure:6529: checking for sdpa_call.h
configure:6529: result: yes
configure:6546: checking for rdpotrfl_
configure:6546: g++ -o conftest -g -O2 -D_REENTRANT  -O2 -funroll-all-loops  -I/home/research/jakee/src/SuiteSparse/UFconfig  -I/home/research/jakee/src/SuiteSparse/AMD/Include  -I/home/research/jakee/src/SuiteSparse/COLAMD/Include  -I/home/research/jakee/src/MUMPS_4.10.0/include  -I/home/research/jakee/.local/include -I/usr/include/suitesparse  -L/home/research/jakee/src/SuiteSparse/UFconfig  -L/home/research/jakee/src/SuiteSparse/AMD/Lib  -L/home/research/jakee/src/SuiteSparse/COLAMD/Lib  -L/home/research/jakee/src/MUMPS_4.10.0/lib  -L/home/research/jakee/.local/lib conftest.cpp -ldmumps -lmumps_common -lpord -lmpiseq -lsdpa -lopenblas -llapack -lm -lpthread -lgfortran -lm -lpthread -lgfortran -L/home/research/jakee/.local/lib/ -lsdpa  -L-L/home/research/jakee/.local/lib -lopenblas -lblas -L-L/home/research/jakee/.local/lib -lopenblas -llapack  -L/home/research/jakee/src/SuiteSparse/UFconfig -L/home/research/jakee/src/SuiteSparse/AMD/Lib -L/home/research/jakee/src/SuiteSparse/COLAMD/Lib -L/home/research/jakee/src/MUMPS_4.10.0/lib -L/home/research/jakee/.local/lib -L/usr/lib/gcc/x86_64-redhat-linux/8 -L/usr/lib/gcc/x86_64-redhat-linux/8/../../../../lib64 -L/lib/../lib64 -L/usr/lib/../lib64 -L/usr/lib/gcc/x86_64-redhat-linux/8/../../.. -ldmumps -lmumps_common -lpord -lmpiseq -lsdpa -lopenblas -llapack -lgfortran -lm -lpthread -lquadmath -lpthread >&5
configure:6546: $? = 0
configure:6546: result: yes
configure:6560: checking for stdbool.h that conforms to C99
configure:6635: g++ -c -g -O2 -D_REENTRANT  -O2 -funroll-all-loops  -I/home/research/jakee/src/SuiteSparse/UFconfig  -I/home/research/jakee/src/SuiteSparse/AMD/Include  -I/home/research/jakee/src/SuiteSparse/COLAMD/Include  -I/home/research/jakee/src/MUMPS_4.10.0/include  -I/home/research/jakee/.local/include -I/usr/include/suitesparse conftest.cpp >&5
conftest.cpp:27:15: error: expected unqualified-id before string constant
               "error: bool is not defined"
               ^~~~~~~~~~~~~~~~~~~~~~~~~~~~
conftest.cpp:45:48: error: 's' does not name a type
              struct s { _Bool s: 1; _Bool t; } s;
                                                ^
conftest.cpp:55:28: error: 's' was not declared in this scope
              char i[sizeof s.t];
                            ^
conftest.cpp: In function 'int main()':
conftest.cpp:81:24: error: 's' was not declared in this scope
              bool e = &s;
                        ^
conftest.cpp:85:63: error: 'i' was not declared in this scope
              return (!a + !b + !c + !d + !e + !f + !g + !h + !i + !!j + !k + !!l
                                                               ^
configure:6635: $? = 1
configure: failed program was:
| /* confdefs.h */
| #define PACKAGE_NAME "sparsePOP"
| #define PACKAGE_TARNAME "sparsepop"
| #define PACKAGE_VERSION "2.56"
| #define PACKAGE_STRING "sparsePOP 2.56"
| #define PACKAGE_BUGREPORT "kojima-spop@is.titech.ac.jp"
| #define PACKAGE_URL ""
| #define PACKAGE "sparsepop"
| #define VERSION "2.56"
| #define FC_FUNC(name,NAME) name ## _
| #define FC_FUNC_(name,NAME) name ## _
| #define STDC_HEADERS 1
| #define HAVE_SYS_TYPES_H 1
| #define HAVE_SYS_STAT_H 1
| #define HAVE_STDLIB_H 1
| #define HAVE_STRING_H 1
| #define HAVE_MEMORY_H 1
| #define HAVE_STRINGS_H 1
| #define HAVE_INTTYPES_H 1
| #define HAVE_STDINT_H 1
| #define HAVE_UNISTD_H 1
| #define HAVE_METIS_H 1
| /* end confdefs.h.  */
| 
|              #include <stdbool.h>
|              #ifndef bool
|               "error: bool is not defined"
|              #endif
|              #ifndef false
|               "error: false is not defined"
|              #endif
|              #if false
|               "error: false is not 0"
|              #endif
|              #ifndef true
|               "error: true is not defined"
|              #endif
|              #if true != 1
|               "error: true is not 1"
|              #endif
|              #ifndef __bool_true_false_are_defined
|               "error: __bool_true_false_are_defined is not defined"
|              #endif
| 
|              struct s { _Bool s: 1; _Bool t; } s;
| 
|              char a[true == 1 ? 1 : -1];
|              char b[false == 0 ? 1 : -1];
|              char c[__bool_true_false_are_defined == 1 ? 1 : -1];
|              char d[(bool) 0.5 == true ? 1 : -1];
|              /* See body of main program for 'e'.  */
|              char f[(_Bool) 0.0 == false ? 1 : -1];
|              char g[true];
|              char h[sizeof (_Bool)];
|              char i[sizeof s.t];
|              enum { j = false, k = true, l = false * true, m = true * 256 };
|              /* The following fails for
|                 HP aC++/ANSI C B3910B A.05.55 [Dec 04 2003]. */
|              _Bool n[m];
|              char o[sizeof n == m * sizeof n[0] ? 1 : -1];
|              char p[-1 - (_Bool) 0 < 0 && -1 - (bool) 0 < 0 ? 1 : -1];
|              /* Catch a bug in an HP-UX C compiler.  See
|                 http://gcc.gnu.org/ml/gcc-patches/2003-12/msg02303.html
|                 http://lists.gnu.org/archive/html/bug-coreutils/2005-11/msg00161.html
|               */
|              _Bool q = true;
|              _Bool *pq = &q;
| 
| #ifdef FC_DUMMY_MAIN
| #ifndef FC_DUMMY_MAIN_EQ_F77
| #  ifdef __cplusplus
|      extern "C"
| #  endif
|    int FC_DUMMY_MAIN() { return 1; }
| #endif
| #endif
| int
| main ()
| {
| 
|              bool e = &s;
|              *pq |= q;
|              *pq |= ! q;
|              /* Refer to every declared value, to avoid compiler optimizations.  */
|              return (!a + !b + !c + !d + !e + !f + !g + !h + !i + !!j + !k + !!l
|                      + !m + !n + !o + !p + !q + !pq);
| 
|   ;
|   return 0;
| }
configure:6642: result: no
configure:6644: checking for _Bool
configure:6644: g++ -c -g -O2 -D_REENTRANT  -O2 -funroll-all-loops  -I/home/research/jakee/src/SuiteSparse/UFconfig  -I/home/research/jakee/src/SuiteSparse/AMD/Include  -I/home/research/jakee/src/SuiteSparse/COLAMD/Include  -I/home/research/jakee/src/MUMPS_4.10.0/include  -I/home/research/jakee/.local/include -I/usr/include/suitesparse conftest.cpp >&5
conftest.cpp: In function 'int main()':
conftest.cpp:68:13: error: '_Bool' was not declared in this scope
 if (sizeof (_Bool))
             ^~~~~
conftest.cpp:68:13: note: suggested alternative: 'bool'
 if (sizeof (_Bool))
             ^~~~~
             bool
configure:6644: $? = 1
configure: failed program was:
| /* confdefs.h */
| #define PACKAGE_NAME "sparsePOP"
| #define PACKAGE_TARNAME "sparsepop"
| #define PACKAGE_VERSION "2.56"
| #define PACKAGE_STRING "sparsePOP 2.56"
| #define PACKAGE_BUGREPORT "kojima-spop@is.titech.ac.jp"
| #define PACKAGE_URL ""
| #define PACKAGE "sparsepop"
| #define VERSION "2.56"
| #define FC_FUNC(name,NAME) name ## _
| #define FC_FUNC_(name,NAME) name ## _
| #define STDC_HEADERS 1
| #define HAVE_SYS_TYPES_H 1
| #define HAVE_SYS_STAT_H 1
| #define HAVE_STDLIB_H 1
| #define HAVE_STRING_H 1
| #define HAVE_MEMORY_H 1
| #define HAVE_STRINGS_H 1
| #define HAVE_INTTYPES_H 1
| #define HAVE_STDINT_H 1
| #define HAVE_UNISTD_H 1
| #define HAVE_METIS_H 1
| /* end confdefs.h.  */
| #include <stdio.h>
| #ifdef HAVE_SYS_TYPES_H
| # include <sys/types.h>
| #endif
| #ifdef HAVE_SYS_STAT_H
| # include <sys/stat.h>
| #endif
| #ifdef STDC_HEADERS
| # include <stdlib.h>
| # include <stddef.h>
| #else
| # ifdef HAVE_STDLIB_H
| #  include <stdlib.h>
| # endif
| #endif
| #ifdef HAVE_STRING_H
| # if !defined STDC_HEADERS && defined HAVE_MEMORY_H
| #  include <memory.h>
| # endif
| # include <string.h>
| #endif
| #ifdef HAVE_STRINGS_H
| # include <strings.h>
| #endif
| #ifdef HAVE_INTTYPES_H
| # include <inttypes.h>
| #endif
| #ifdef HAVE_STDINT_H
| # include <stdint.h>
| #endif
| #ifdef HAVE_UNISTD_H
| # include <unistd.h>
| #endif
| #ifdef FC_DUMMY_MAIN
| #ifndef FC_DUMMY_MAIN_EQ_F77
| #  ifdef __cplusplus
|      extern "C"
| #  endif
|    int FC_DUMMY_MAIN() { return 1; }
| #endif
| #endif
| int
| main ()
| {
| if (sizeof (_Bool))
| 	 return 0;
|   ;
|   return 0;
| }
configure:6644: result: no
configure:6664: checking for pow
configure:6664: g++ -o conftest -g -O2 -D_REENTRANT  -O2 -funroll-all-loops  -I/home/research/jakee/src/SuiteSparse/UFconfig  -I/home/research/jakee/src/SuiteSparse/AMD/Include  -I/home/research/jakee/src/SuiteSparse/COLAMD/Include  -I/home/research/jakee/src/MUMPS_4.10.0/include  -I/home/research/jakee/.local/include -I/usr/include/suitesparse  -L/home/research/jakee/src/SuiteSparse/UFconfig  -L/home/research/jakee/src/SuiteSparse/AMD/Lib  -L/home/research/jakee/src/SuiteSparse/COLAMD/Lib  -L/home/research/jakee/src/MUMPS_4.10.0/lib  -L/home/research/jakee/.local/lib conftest.cpp -ldmumps -lmumps_common -lpord -lmpiseq -lsdpa -lopenblas -llapack -lm -lpthread -lgfortran -lm -lpthread -lgfortran >&5
conftest.cpp:47:6: warning: declaration of 'char pow()' conflicts with built-in declaration 'double pow(double, double)' [-Wbuiltin-declaration-mismatch]
 char pow ();
      ^~~
configure:6664: $? = 0
configure:6664: result: yes
configure:6821: checking that generated files are newer than configure
configure:6827: result: done
configure:6854: creating ./config.status

## ---------------------- ##
## Running config.status. ##
## ---------------------- ##

This file was extended by sparsePOP config.status 2.56, which was
generated by GNU Autoconf 2.69.  Invocation command line was

  CONFIG_FILES    = 
  CONFIG_HEADERS  = 
  CONFIG_LINKS    = 
  CONFIG_COMMANDS = 
  $ ./config.status 

on node22.engr.wustl.edu

config.status:814: creating Makefile
config.status:986: executing depfiles commands
config.status:1063: cd .       && sed -e '/# am--include-marker/d' Makefile         | make -f - am--depfiles
config.status:1068: $? = 0
configure:7980: WARNING: unrecognized options: --with-mumps-includedir, --with-mumps-libdir

## ---------------- ##
## Cache variables. ##
## ---------------- ##

ac_cv_build=x86_64-pc-linux-gnu
ac_cv_c_compiler_gnu=yes
ac_cv_cxx_compiler_gnu=yes
ac_cv_env_CCC_set=
ac_cv_env_CCC_value=
ac_cv_env_CC_set=
ac_cv_env_CC_value=
ac_cv_env_CFLAGS_set=
ac_cv_env_CFLAGS_value=
ac_cv_env_CPPFLAGS_set=set
ac_cv_env_CPPFLAGS_value=' -I/home/research/jakee/src/SuiteSparse/UFconfig  -I/home/research/jakee/src/SuiteSparse/AMD/Include  -I/home/research/jakee/src/SuiteSparse/COLAMD/Include  -I/home/research/jakee/src/MUMPS_4.10.0/include  -I/home/research/jakee/.local/include'
ac_cv_env_CPP_set=
ac_cv_env_CPP_value=
ac_cv_env_CXXCPP_set=
ac_cv_env_CXXCPP_value=
ac_cv_env_CXXFLAGS_set=
ac_cv_env_CXXFLAGS_value=
ac_cv_env_CXX_set=
ac_cv_env_CXX_value=
ac_cv_env_FCFLAGS_set=
ac_cv_env_FCFLAGS_value=
ac_cv_env_FC_set=
ac_cv_env_FC_value=
ac_cv_env_LDFLAGS_set=set
ac_cv_env_LDFLAGS_value=' -L/home/research/jakee/src/SuiteSparse/UFconfig  -L/home/research/jakee/src/SuiteSparse/AMD/Lib  -L/home/research/jakee/src/SuiteSparse/COLAMD/Lib  -L/home/research/jakee/src/MUMPS_4.10.0/lib  -L/home/research/jakee/.local/lib'
ac_cv_env_LIBS_set=set
ac_cv_env_LIBS_value='-ldmumps -lmumps_common -lpord -lmpiseq -lsdpa -lopenblas -llapack -lm -lpthread -lgfortran'
ac_cv_env_build_alias_set=
ac_cv_env_build_alias_value=
ac_cv_env_host_alias_set=
ac_cv_env_host_alias_value=
ac_cv_env_target_alias_set=
ac_cv_env_target_alias_value=
ac_cv_fc_compiler_gnu=yes
ac_cv_fc_dummy_main=none
ac_cv_fc_libs=' -L/home/research/jakee/src/SuiteSparse/UFconfig -L/home/research/jakee/src/SuiteSparse/AMD/Lib -L/home/research/jakee/src/SuiteSparse/COLAMD/Lib -L/home/research/jakee/src/MUMPS_4.10.0/lib -L/home/research/jakee/.local/lib -L/usr/lib/gcc/x86_64-redhat-linux/8 -L/usr/lib/gcc/x86_64-redhat-linux/8/../../../../lib64 -L/lib/../lib64 -L/usr/lib/../lib64 -L/usr/lib/gcc/x86_64-redhat-linux/8/../../.. -ldmumps -lmumps_common -lpord -lmpiseq -lsdpa -lopenblas -llapack -lgfortran -lm -lpthread -lquadmath'
ac_cv_fc_mangling='lower case, underscore, no extra underscore'
ac_cv_fortran_dummy_main=none
ac_cv_func_METIS_NodeND=yes
ac_cv_func_dgemm_=yes
ac_cv_func_dmumps_c=yes
ac_cv_func_dpptrf_=yes
ac_cv_func_pow=yes
ac_cv_func_rdpotrfl_=yes
ac_cv_func_symamd=yes
ac_cv_header_UFconfig_h=yes
ac_cv_header_colamd_h=yes
ac_cv_header_dmumps_c_h=yes
ac_cv_header_inttypes_h=yes
ac_cv_header_memory_h=yes
ac_cv_header_metis_h=yes
ac_cv_header_sdpa_call_h=yes
ac_cv_header_stdbool_h=no
ac_cv_header_stdc=yes
ac_cv_header_stdint_h=yes
ac_cv_header_stdlib_h=yes
ac_cv_header_string_h=yes
ac_cv_header_strings_h=yes
ac_cv_header_sys_stat_h=yes
ac_cv_header_sys_types_h=yes
ac_cv_header_unistd_h=yes
ac_cv_host=x86_64-pc-linux-gnu
ac_cv_objext=o
ac_cv_path_EGREP='/usr/bin/grep -E'
ac_cv_path_GREP=/usr/bin/grep
ac_cv_path_install='/usr/bin/install -c'
ac_cv_path_mkdir=/usr/bin/mkdir
ac_cv_prog_AWK=gawk
ac_cv_prog_CPP='gcc -E'
ac_cv_prog_CXXCPP='g++ -E'
ac_cv_prog_ac_ct_CC=gcc
ac_cv_prog_ac_ct_CXX=g++
ac_cv_prog_ac_ct_FC=gfortran
ac_cv_prog_cc_c89=
ac_cv_prog_cc_g=yes
ac_cv_prog_cxx_g=yes
ac_cv_prog_fc_g=yes
ac_cv_prog_fc_v=-v
ac_cv_prog_make_make_set=yes
ac_cv_type__Bool=no
am_cv_CC_dependencies_compiler_type=gcc3
am_cv_CXX_dependencies_compiler_type=gcc3
am_cv_make_support_nested_variables=yes
am_cv_prog_cc_c_o=yes

## ----------------- ##
## Output variables. ##
## ----------------- ##

ACLOCAL='${SHELL} /home/research/jakee/src/open_universe/sparsePOP_dev/missing aclocal-1.16'
AMDEPBACKSLASH='\'
AMDEP_FALSE='#'
AMDEP_TRUE=''
AMTAR='$${TAR-tar}'
AM_BACKSLASH='\'
AM_DEFAULT_V='$(AM_DEFAULT_VERBOSITY)'
AM_DEFAULT_VERBOSITY='1'
AM_V='$(V)'
AUTOCONF='${SHELL} /home/research/jakee/src/open_universe/sparsePOP_dev/missing autoconf'
AUTOHEADER='${SHELL} /home/research/jakee/src/open_universe/sparsePOP_dev/missing autoheader'
AUTOMAKE='${SHELL} /home/research/jakee/src/open_universe/sparsePOP_dev/missing automake-1.16'
AWK='gawk'
BLAS_LIB='-L-L/home/research/jakee/.local/lib -lopenblas -lblas'
CC='gcc'
CCDEPMODE='depmode=gcc3'
CFLAGS='-g -O2 -O2 -funroll-all-loops'
COLAMD_INCLUDE='-I/home/research/jakee/src/SuiteSparse/COLAMD/Include'
COLAMD_LIB='-L/home/research/jakee/src/SuiteSparse/COLAMD/Lib -lcolamd'
CPP='gcc -E'
CPPFLAGS=' -I/home/research/jakee/src/SuiteSparse/UFconfig  -I/home/research/jakee/src/SuiteSparse/AMD/Include  -I/home/research/jakee/src/SuiteSparse/COLAMD/Include  -I/home/research/jakee/src/MUMPS_4.10.0/include  -I/home/research/jakee/.local/include -I/usr/include/suitesparse'
CXX='g++'
CXXCPP='g++ -E'
CXXDEPMODE='depmode=gcc3'
CXXFLAGS='-g -O2 -D_REENTRANT  -O2 -funroll-all-loops'
CYGPATH_W='echo'
DEFS='-DPACKAGE_NAME=\"sparsePOP\" -DPACKAGE_TARNAME=\"sparsepop\" -DPACKAGE_VERSION=\"2.56\" -DPACKAGE_STRING=\"sparsePOP\ 2.56\" -DPACKAGE_BUGREPORT=\"kojima-spop@is.titech.ac.jp\" -DPACKAGE_URL=\"\" -DPACKAGE=\"sparsepop\" -DVERSION=\"2.56\" -DFC_FUNC\(name,NAME\)=name\ \#\#\ _ -DFC_FUNC_\(name,NAME\)=name\ \#\#\ _ -DSTDC_HEADERS=1 -DHAVE_SYS_TYPES_H=1 -DHAVE_SYS_STAT_H=1 -DHAVE_STDLIB_H=1 -DHAVE_STRING_H=1 -DHAVE_MEMORY_H=1 -DHAVE_STRINGS_H=1 -DHAVE_INTTYPES_H=1 -DHAVE_STDINT_H=1 -DHAVE_UNISTD_H=1 -DHAVE_METIS_H=1 -DHAVE_POW=1'
DEPDIR='.deps'
ECHO_C=''
ECHO_N='-n'
ECHO_T=''
EGREP='/usr/bin/grep -E'
EXEEXT=''
FC='gfortran'
FCFLAGS='-g -O2  -O2 -funroll-all-loops'
FCLIBS=' -L/home/research/jakee/src/SuiteSparse/UFconfig -L/home/research/jakee/src/SuiteSparse/AMD/Lib -L/home/research/jakee/src/SuiteSparse/COLAMD/Lib -L/home/research/jakee/src/MUMPS_4.10.0/lib -L/home/research/jakee/.local/lib -L/usr/lib/gcc/x86_64-redhat-linux/8 -L/usr/lib/gcc/x86_64-redhat-linux/8/../../../../lib64 -L/lib/../lib64 -L/usr/lib/../lib64 -L/usr/lib/gcc/x86_64-redhat-linux/8/../../.. -ldmumps -lmumps_common -lpord -lmpiseq -lsdpa -lopenblas -llapack -lgfortran -lm -lpthread -lquadmath'
GREP='/usr/bin/grep'
INSTALL_DATA='${INSTALL} -m 644'
INSTALL_PROGRAM='${INSTALL}'
INSTALL_SCRIPT='${INSTALL}'
INSTALL_STRIP_PROGRAM='$(install_sh) -c -s'
LAPACK_LIB='-L-L/home/research/jakee/.local/lib -lopenblas -llapack'
LDFLAGS=' -L/home/research/jakee/src/SuiteSparse/UFconfig  -L/home/research/jakee/src/SuiteSparse/AMD/Lib  -L/home/research/jakee/src/SuiteSparse/COLAMD/Lib  -L/home/research/jakee/src/MUMPS_4.10.0/lib  -L/home/research/jakee/.local/lib'
LIBOBJS=''
LIBS='-ldmumps -lmumps_common -lpord -lmpiseq -lsdpa -lopenblas -llapack -lm -lpthread -lgfortran -lm -lpthread -lgfortran'
LTLIBOBJS=''
MAKEINFO='${SHELL} /home/research/jakee/src/open_universe/sparsePOP_dev/missing makeinfo'
METIS_INCLUDE='-I/home/research/jakee/.local/include'
METIS_LIB='-L/home/research/jakee/.local/lib -lmetis'
MKDIR_P='/usr/bin/mkdir -p'
MUMPS_INCLUDE='-I/home/research/jakee/src/MUMPS_4.10.0/include'
MUMPS_LIBS='/home/research/jakee/src/MUMPS_4.10.0/lib/libdmumps.a             /home/research/jakee/src/MUMPS_4.10.0/lib/libmumps_common.a             /home/research/jakee/src/MUMPS_4.10.0/lib/libpord.a             /home/research/jakee/src/MUMPS_4.10.0/lib/libmpiseq.a'
OBJEXT='o'
PACKAGE='sparsepop'
PACKAGE_BUGREPORT='kojima-spop@is.titech.ac.jp'
PACKAGE_NAME='sparsePOP'
PACKAGE_STRING='sparsePOP 2.56'
PACKAGE_TARNAME='sparsepop'
PACKAGE_URL=''
PACKAGE_VERSION='2.56'
PATH_SEPARATOR=':'
SDPA_INCLUDE='-I/home/research/jakee/.local/include'
SDPA_LIB='-L/home/research/jakee/.local/lib/ -lsdpa'
SET_MAKE=''
SHELL='/bin/sh'
STRIP=''
UFCONFIG='-I/usr/include/suitesparse'
VERSION='2.56'
ac_ct_CC='gcc'
ac_ct_CXX='g++'
ac_ct_FC='gfortran'
am__EXEEXT_FALSE=''
am__EXEEXT_TRUE='#'
am__fastdepCC_FALSE='#'
am__fastdepCC_TRUE=''
am__fastdepCXX_FALSE='#'
am__fastdepCXX_TRUE=''
am__include='include'
am__isrc=''
am__leading_dot='.'
am__nodep='_no'
am__quote=''
am__tar='$${TAR-tar} chof - "$$tardir"'
am__untar='$${TAR-tar} xf -'
bindir='${exec_prefix}/bin'
build='x86_64-pc-linux-gnu'
build_alias=''
build_cpu='x86_64'
build_os='linux-gnu'
build_vendor='pc'
datadir='${datarootdir}'
datarootdir='${prefix}/share'
docdir='${datarootdir}/doc/${PACKAGE_TARNAME}'
dvidir='${docdir}'
exec_prefix='${prefix}'
host='x86_64-pc-linux-gnu'
host_alias=''
host_cpu='x86_64'
host_os='linux-gnu'
host_vendor='pc'
htmldir='${docdir}'
includedir='${prefix}/include'
infodir='${datarootdir}/info'
install_sh='${SHELL} /home/research/jakee/src/open_universe/sparsePOP_dev/install-sh'
libdir='${exec_prefix}/lib'
libexecdir='${exec_prefix}/libexec'
localedir='${datarootdir}/locale'
localstatedir='${prefix}/var'
mandir='${datarootdir}/man'
mkdir_p='$(MKDIR_P)'
oldincludedir='/usr/include'
pdfdir='${docdir}'
prefix='/usr/local'
program_transform_name='s,x,x,'
psdir='${docdir}'
pthread_lib='-lpthread'
sbindir='${exec_prefix}/sbin'
sharedstatedir='${prefix}/com'
sysconfdir='${prefix}/etc'
target_alias=''

## ----------- ##
## confdefs.h. ##
## ----------- ##

/* confdefs.h */
#define PACKAGE_NAME "sparsePOP"
#define PACKAGE_TARNAME "sparsepop"
#define PACKAGE_VERSION "2.56"
#define PACKAGE_STRING "sparsePOP 2.56"
#define PACKAGE_BUGREPORT "kojima-spop@is.titech.ac.jp"
#define PACKAGE_URL ""
#define PACKAGE "sparsepop"
#define VERSION "2.56"
#define FC_FUNC(name,NAME) name ## _
#define FC_FUNC_(name,NAME) name ## _
#define STDC_HEADERS 1
#define HAVE_SYS_TYPES_H 1
#define HAVE_SYS_STAT_H 1
#define HAVE_STDLIB_H 1
#define HAVE_STRING_H 1
#define HAVE_MEMORY_H 1
#define HAVE_STRINGS_H 1
#define HAVE_INTTYPES_H 1
#define HAVE_STDINT_H 1
#define HAVE_UNISTD_H 1
#define HAVE_METIS_H 1
#define HAVE_POW 1

configure: exit 0
